<?xml version="1.0" encoding="UTF-8"?>
<testsuite xmlns:xsi="http://www.w3.org/2001/XMLSchema-instance" xsi:noNamespaceSchemaLocation="https://maven.apache.org/surefire/maven-surefire-plugin/xsd/surefire-test-report.xsd" name="nci.dia.finalproject.cpirm.AppTest" time="0.008" tests="1" errors="0" skipped="0" failures="0">
  <properties>
    <property name="sun.desktop" value="windows"/>
    <property name="awt.toolkit" value="sun.awt.windows.WToolkit"/>
    <property name="file.encoding.pkg" value="sun.io"/>
    <property name="java.specification.version" value="1.8"/>
    <property name="sun.cpu.isalist" value="amd64"/>
    <property name="sun.jnu.encoding" value="Cp1252"/>
    <property name="java.class.path" value="C:\Users\91958\.m2\repository\org\apache\maven\surefire\surefire-booter\2.22.0\surefire-booter-2.22.0.jar;C:\Users\91958\.m2\repository\org\apache\maven\surefire\surefire-api\2.22.0\surefire-api-2.22.0.jar;C:\Users\91958\.m2\repository\org\apache\maven\surefire\surefire-logger-api\2.22.0\surefire-logger-api-2.22.0.jar;C:\Users\91958\workspace\cem\target\test-classes;C:\Users\91958\workspace\cem\target\classes;C:\Users\91958\.m2\repository\junit\junit\3.8.1\junit-3.8.1.jar;C:\Program Files\Java\jdk1.8.0_281\lib\tools.jar;C:\Users\91958\.m2\repository\org\apache\hadoop\hadoop-mapreduce-client-core\3.1.1\hadoop-mapreduce-client-core-3.1.1.jar;C:\Users\91958\.m2\repository\org\apache\hadoop\hadoop-yarn-client\3.1.1\hadoop-yarn-client-3.1.1.jar;C:\Users\91958\.m2\repository\org\apache\hadoop\hadoop-yarn-api\3.1.1\hadoop-yarn-api-3.1.1.jar;C:\Users\91958\.m2\repository\org\apache\hadoop\hadoop-yarn-common\3.1.1\hadoop-yarn-common-3.1.1.jar;C:\Users\91958\.m2\repository\javax\xml\bind\jaxb-api\2.2.11\jaxb-api-2.2.11.jar;C:\Users\91958\.m2\repository\com\sun\jersey\jersey-client\1.19\jersey-client-1.19.jar;C:\Users\91958\.m2\repository\com\google\inject\guice\4.0\guice-4.0.jar;C:\Users\91958\.m2\repository\javax\inject\javax.inject\1\javax.inject-1.jar;C:\Users\91958\.m2\repository\aopalliance\aopalliance\1.0\aopalliance-1.0.jar;C:\Users\91958\.m2\repository\com\sun\jersey\contribs\jersey-guice\1.19\jersey-guice-1.19.jar;C:\Users\91958\.m2\repository\com\fasterxml\jackson\core\jackson-core\2.7.8\jackson-core-2.7.8.jar;C:\Users\91958\.m2\repository\com\fasterxml\jackson\module\jackson-module-jaxb-annotations\2.7.8\jackson-module-jaxb-annotations-2.7.8.jar;C:\Users\91958\.m2\repository\com\fasterxml\jackson\jaxrs\jackson-jaxrs-json-provider\2.7.8\jackson-jaxrs-json-provider-2.7.8.jar;C:\Users\91958\.m2\repository\com\fasterxml\jackson\jaxrs\jackson-jaxrs-base\2.7.8\jackson-jaxrs-base-2.7.8.jar;C:\Users\91958\.m2\repository\org\apache\hadoop\hadoop-hdfs-client\3.1.1\hadoop-hdfs-client-3.1.1.jar;C:\Users\91958\.m2\repository\com\squareup\okhttp\okhttp\2.7.5\okhttp-2.7.5.jar;C:\Users\91958\.m2\repository\com\squareup\okio\okio\1.6.0\okio-1.6.0.jar;C:\Users\91958\.m2\repository\com\fasterxml\jackson\core\jackson-annotations\2.7.8\jackson-annotations-2.7.8.jar;C:\Users\91958\.m2\repository\com\fasterxml\jackson\core\jackson-databind\2.7.8\jackson-databind-2.7.8.jar;C:\Users\91958\.m2\repository\com\google\protobuf\protobuf-java\2.5.0\protobuf-java-2.5.0.jar;C:\Users\91958\.m2\repository\org\apache\avro\avro\1.7.7\avro-1.7.7.jar;C:\Users\91958\.m2\repository\org\codehaus\jackson\jackson-core-asl\1.9.13\jackson-core-asl-1.9.13.jar;C:\Users\91958\.m2\repository\org\codehaus\jackson\jackson-mapper-asl\1.9.13\jackson-mapper-asl-1.9.13.jar;C:\Users\91958\.m2\repository\com\thoughtworks\paranamer\paranamer\2.3\paranamer-2.3.jar;C:\Users\91958\.m2\repository\org\xerial\snappy\snappy-java\1.0.5\snappy-java-1.0.5.jar;C:\Users\91958\.m2\repository\org\slf4j\slf4j-api\1.7.25\slf4j-api-1.7.25.jar;C:\Users\91958\.m2\repository\org\slf4j\slf4j-log4j12\1.7.25\slf4j-log4j12-1.7.25.jar;C:\Users\91958\.m2\repository\org\apache\hadoop\hadoop-annotations\3.1.1\hadoop-annotations-3.1.1.jar;C:\Users\91958\.m2\repository\com\google\inject\extensions\guice-servlet\4.0\guice-servlet-4.0.jar;C:\Users\91958\.m2\repository\io\netty\netty\3.10.5.Final\netty-3.10.5.Final.jar;C:\Users\91958\.m2\repository\org\apache\hadoop\hadoop-common\3.1.1\hadoop-common-3.1.1.jar;C:\Users\91958\.m2\repository\com\google\guava\guava\11.0.2\guava-11.0.2.jar;C:\Users\91958\.m2\repository\commons-cli\commons-cli\1.2\commons-cli-1.2.jar;C:\Users\91958\.m2\repository\org\apache\commons\commons-math3\3.1.1\commons-math3-3.1.1.jar;C:\Users\91958\.m2\repository\org\apache\httpcomponents\httpclient\4.5.2\httpclient-4.5.2.jar;C:\Users\91958\.m2\repository\org\apache\httpcomponents\httpcore\4.4.4\httpcore-4.4.4.jar;C:\Users\91958\.m2\repository\commons-codec\commons-codec\1.11\commons-codec-1.11.jar;C:\Users\91958\.m2\repository\commons-io\commons-io\2.5\commons-io-2.5.jar;C:\Users\91958\.m2\repository\commons-net\commons-net\3.6\commons-net-3.6.jar;C:\Users\91958\.m2\repository\commons-collections\commons-collections\3.2.2\commons-collections-3.2.2.jar;C:\Users\91958\.m2\repository\javax\servlet\javax.servlet-api\3.1.0\javax.servlet-api-3.1.0.jar;C:\Users\91958\.m2\repository\org\eclipse\jetty\jetty-server\9.3.19.v20170502\jetty-server-9.3.19.v20170502.jar;C:\Users\91958\.m2\repository\org\eclipse\jetty\jetty-http\9.3.19.v20170502\jetty-http-9.3.19.v20170502.jar;C:\Users\91958\.m2\repository\org\eclipse\jetty\jetty-io\9.3.19.v20170502\jetty-io-9.3.19.v20170502.jar;C:\Users\91958\.m2\repository\org\eclipse\jetty\jetty-util\9.3.19.v20170502\jetty-util-9.3.19.v20170502.jar;C:\Users\91958\.m2\repository\org\eclipse\jetty\jetty-servlet\9.3.19.v20170502\jetty-servlet-9.3.19.v20170502.jar;C:\Users\91958\.m2\repository\org\eclipse\jetty\jetty-security\9.3.19.v20170502\jetty-security-9.3.19.v20170502.jar;C:\Users\91958\.m2\repository\org\eclipse\jetty\jetty-webapp\9.3.19.v20170502\jetty-webapp-9.3.19.v20170502.jar;C:\Users\91958\.m2\repository\org\eclipse\jetty\jetty-xml\9.3.19.v20170502\jetty-xml-9.3.19.v20170502.jar;C:\Users\91958\.m2\repository\javax\servlet\jsp\jsp-api\2.1\jsp-api-2.1.jar;C:\Users\91958\.m2\repository\com\sun\jersey\jersey-core\1.19\jersey-core-1.19.jar;C:\Users\91958\.m2\repository\javax\ws\rs\jsr311-api\1.1.1\jsr311-api-1.1.1.jar;C:\Users\91958\.m2\repository\com\sun\jersey\jersey-servlet\1.19\jersey-servlet-1.19.jar;C:\Users\91958\.m2\repository\com\sun\jersey\jersey-json\1.19\jersey-json-1.19.jar;C:\Users\91958\.m2\repository\org\codehaus\jettison\jettison\1.1\jettison-1.1.jar;C:\Users\91958\.m2\repository\com\sun\xml\bind\jaxb-impl\2.2.3-1\jaxb-impl-2.2.3-1.jar;C:\Users\91958\.m2\repository\org\codehaus\jackson\jackson-jaxrs\1.9.2\jackson-jaxrs-1.9.2.jar;C:\Users\91958\.m2\repository\org\codehaus\jackson\jackson-xc\1.9.2\jackson-xc-1.9.2.jar;C:\Users\91958\.m2\repository\com\sun\jersey\jersey-server\1.19\jersey-server-1.19.jar;C:\Users\91958\.m2\repository\commons-logging\commons-logging\1.1.3\commons-logging-1.1.3.jar;C:\Users\91958\.m2\repository\log4j\log4j\1.2.17\log4j-1.2.17.jar;C:\Users\91958\.m2\repository\commons-lang\commons-lang\2.6\commons-lang-2.6.jar;C:\Users\91958\.m2\repository\commons-beanutils\commons-beanutils\1.9.3\commons-beanutils-1.9.3.jar;C:\Users\91958\.m2\repository\org\apache\commons\commons-configuration2\2.1.1\commons-configuration2-2.1.1.jar;C:\Users\91958\.m2\repository\org\apache\commons\commons-lang3\3.4\commons-lang3-3.4.jar;C:\Users\91958\.m2\repository\com\google\re2j\re2j\1.1\re2j-1.1.jar;C:\Users\91958\.m2\repository\com\google\code\gson\gson\2.2.4\gson-2.2.4.jar;C:\Users\91958\.m2\repository\org\apache\hadoop\hadoop-auth\3.1.1\hadoop-auth-3.1.1.jar;C:\Users\91958\.m2\repository\com\nimbusds\nimbus-jose-jwt\4.41.1\nimbus-jose-jwt-4.41.1.jar;C:\Users\91958\.m2\repository\com\github\stephenc\jcip\jcip-annotations\1.0-1\jcip-annotations-1.0-1.jar;C:\Users\91958\.m2\repository\net\minidev\json-smart\2.3\json-smart-2.3.jar;C:\Users\91958\.m2\repository\net\minidev\accessors-smart\1.2\accessors-smart-1.2.jar;C:\Users\91958\.m2\repository\org\ow2\asm\asm\5.0.4\asm-5.0.4.jar;C:\Users\91958\.m2\repository\org\apache\curator\curator-framework\2.12.0\curator-framework-2.12.0.jar;C:\Users\91958\.m2\repository\com\jcraft\jsch\0.1.54\jsch-0.1.54.jar;C:\Users\91958\.m2\repository\org\apache\curator\curator-client\2.12.0\curator-client-2.12.0.jar;C:\Users\91958\.m2\repository\org\apache\curator\curator-recipes\2.12.0\curator-recipes-2.12.0.jar;C:\Users\91958\.m2\repository\com\google\code\findbugs\jsr305\3.0.0\jsr305-3.0.0.jar;C:\Users\91958\.m2\repository\org\apache\htrace\htrace-core4\4.1.0-incubating\htrace-core4-4.1.0-incubating.jar;C:\Users\91958\.m2\repository\org\apache\zookeeper\zookeeper\3.4.9\zookeeper-3.4.9.jar;C:\Users\91958\.m2\repository\jline\jline\0.9.94\jline-0.9.94.jar;C:\Users\91958\.m2\repository\org\apache\commons\commons-compress\1.4.1\commons-compress-1.4.1.jar;C:\Users\91958\.m2\repository\org\tukaani\xz\1.0\xz-1.0.jar;C:\Users\91958\.m2\repository\org\apache\kerby\kerb-simplekdc\1.0.1\kerb-simplekdc-1.0.1.jar;C:\Users\91958\.m2\repository\org\apache\kerby\kerb-client\1.0.1\kerb-client-1.0.1.jar;C:\Users\91958\.m2\repository\org\apache\kerby\kerby-config\1.0.1\kerby-config-1.0.1.jar;C:\Users\91958\.m2\repository\org\apache\kerby\kerb-core\1.0.1\kerb-core-1.0.1.jar;C:\Users\91958\.m2\repository\org\apache\kerby\kerby-pkix\1.0.1\kerby-pkix-1.0.1.jar;C:\Users\91958\.m2\repository\org\apache\kerby\kerby-asn1\1.0.1\kerby-asn1-1.0.1.jar;C:\Users\91958\.m2\repository\org\apache\kerby\kerby-util\1.0.1\kerby-util-1.0.1.jar;C:\Users\91958\.m2\repository\org\apache\kerby\kerb-common\1.0.1\kerb-common-1.0.1.jar;C:\Users\91958\.m2\repository\org\apache\kerby\kerb-crypto\1.0.1\kerb-crypto-1.0.1.jar;C:\Users\91958\.m2\repository\org\apache\kerby\kerb-util\1.0.1\kerb-util-1.0.1.jar;C:\Users\91958\.m2\repository\org\apache\kerby\token-provider\1.0.1\token-provider-1.0.1.jar;C:\Users\91958\.m2\repository\org\apache\kerby\kerb-admin\1.0.1\kerb-admin-1.0.1.jar;C:\Users\91958\.m2\repository\org\apache\kerby\kerb-server\1.0.1\kerb-server-1.0.1.jar;C:\Users\91958\.m2\repository\org\apache\kerby\kerb-identity\1.0.1\kerb-identity-1.0.1.jar;C:\Users\91958\.m2\repository\org\apache\kerby\kerby-xdr\1.0.1\kerby-xdr-1.0.1.jar;C:\Users\91958\.m2\repository\org\codehaus\woodstox\stax2-api\3.1.4\stax2-api-3.1.4.jar;C:\Users\91958\.m2\repository\com\fasterxml\woodstox\woodstox-core\5.0.3\woodstox-core-5.0.3.jar;C:\Users\91958\.m2\repository\org\apache\hadoop\hadoop-hdfs\3.1.1\hadoop-hdfs-3.1.1.jar;C:\Users\91958\.m2\repository\org\eclipse\jetty\jetty-util-ajax\9.3.19.v20170502\jetty-util-ajax-9.3.19.v20170502.jar;C:\Users\91958\.m2\repository\commons-daemon\commons-daemon\1.0.13\commons-daemon-1.0.13.jar;C:\Users\91958\.m2\repository\io\netty\netty-all\4.0.52.Final\netty-all-4.0.52.Final.jar;C:\Users\91958\.m2\repository\org\fusesource\leveldbjni\leveldbjni-all\1.8\leveldbjni-all-1.8.jar;C:\Users\91958\.m2\repository\org\apache\hadoop\hadoop-mapreduce-client-shuffle\3.1.1\hadoop-mapreduce-client-shuffle-3.1.1.jar;C:\Users\91958\.m2\repository\org\apache\hadoop\hadoop-yarn-server-common\3.1.1\hadoop-yarn-server-common-3.1.1.jar;C:\Users\91958\.m2\repository\org\apache\hadoop\hadoop-yarn-registry\3.1.1\hadoop-yarn-registry-3.1.1.jar;C:\Users\91958\.m2\repository\dnsjava\dnsjava\2.1.7\dnsjava-2.1.7.jar;C:\Users\91958\.m2\repository\org\apache\geronimo\specs\geronimo-jcache_1.0_spec\1.0-alpha-1\geronimo-jcache_1.0_spec-1.0-alpha-1.jar;C:\Users\91958\.m2\repository\org\ehcache\ehcache\3.3.1\ehcache-3.3.1.jar;C:\Users\91958\.m2\repository\com\zaxxer\HikariCP-java7\2.4.12\HikariCP-java7-2.4.12.jar;C:\Users\91958\.m2\repository\org\apache\hadoop\hadoop-yarn-server-nodemanager\3.1.1\hadoop-yarn-server-nodemanager-3.1.1.jar;C:\Users\91958\.m2\repository\io\dropwizard\metrics\metrics-core\3.2.4\metrics-core-3.2.4.jar;C:\Users\91958\.m2\repository\org\apache\hadoop\hadoop-mapreduce-client-common\3.1.1\hadoop-mapreduce-client-common-3.1.1.jar;C:\Users\91958\.m2\repository\com\googlecode\json-simple\json-simple\1.1.1\json-simple-1.1.1.jar;C:\Users\91958\.m2\repository\org\jfree\jfreechart\1.5.3\jfreechart-1.5.3.jar;C:\Users\91958\.m2\repository\org\openjfx\javafx-swing\18-ea+7\javafx-swing-18-ea+7.jar;C:\Users\91958\.m2\repository\org\openjfx\javafx-swing\18-ea+7\javafx-swing-18-ea+7-win.jar;C:\Users\91958\.m2\repository\org\openjfx\javafx-graphics\18-ea+7\javafx-graphics-18-ea+7.jar;C:\Users\91958\.m2\repository\org\openjfx\javafx-graphics\18-ea+7\javafx-graphics-18-ea+7-win.jar;C:\Users\91958\.m2\repository\org\openjfx\javafx-base\18-ea+7\javafx-base-18-ea+7.jar;C:\Users\91958\.m2\repository\org\openjfx\javafx-base\18-ea+7\javafx-base-18-ea+7-win.jar;C:\Users\91958\.m2\repository\org\apache\maven\surefire\surefire-junit3\2.22.0\surefire-junit3-2.22.0.jar"/>
    <property name="java.vm.vendor" value="Oracle Corporation"/>
    <property name="sun.arch.data.model" value="64"/>
    <property name="user.variant" value=""/>
    <property name="java.vendor.url" value="http://java.oracle.com/"/>
    <property name="user.timezone" value="Asia/Calcutta"/>
    <property name="java.vm.specification.version" value="1.8"/>
    <property name="os.name" value="Windows 10"/>
    <property name="user.country" value="IN"/>
    <property name="sun.java.launcher" value="SUN_STANDARD"/>
    <property name="sun.boot.library.path" value="C:\Program Files\Java\jdk1.8.0_281\jre\bin"/>
    <property name="sun.java.command" value="org.apache.maven.surefire.booter.ForkedBooter C:\Users\91958\AppData\Local\Temp\surefire7365261382092631975 2021-12-12T17-21-37_069-jvmRun1 surefire1271724392550343522tmp surefire_04820404039649292516tmp"/>
    <property name="surefire.test.class.path" value="C:\Users\91958\workspace\cem\target\test-classes;C:\Users\91958\workspace\cem\target\classes;C:\Users\91958\.m2\repository\junit\junit\3.8.1\junit-3.8.1.jar;C:\Program Files\Java\jdk1.8.0_281\lib\tools.jar;C:\Users\91958\.m2\repository\org\apache\hadoop\hadoop-mapreduce-client-core\3.1.1\hadoop-mapreduce-client-core-3.1.1.jar;C:\Users\91958\.m2\repository\org\apache\hadoop\hadoop-yarn-client\3.1.1\hadoop-yarn-client-3.1.1.jar;C:\Users\91958\.m2\repository\org\apache\hadoop\hadoop-yarn-api\3.1.1\hadoop-yarn-api-3.1.1.jar;C:\Users\91958\.m2\repository\org\apache\hadoop\hadoop-yarn-common\3.1.1\hadoop-yarn-common-3.1.1.jar;C:\Users\91958\.m2\repository\javax\xml\bind\jaxb-api\2.2.11\jaxb-api-2.2.11.jar;C:\Users\91958\.m2\repository\com\sun\jersey\jersey-client\1.19\jersey-client-1.19.jar;C:\Users\91958\.m2\repository\com\google\inject\guice\4.0\guice-4.0.jar;C:\Users\91958\.m2\repository\javax\inject\javax.inject\1\javax.inject-1.jar;C:\Users\91958\.m2\repository\aopalliance\aopalliance\1.0\aopalliance-1.0.jar;C:\Users\91958\.m2\repository\com\sun\jersey\contribs\jersey-guice\1.19\jersey-guice-1.19.jar;C:\Users\91958\.m2\repository\com\fasterxml\jackson\core\jackson-core\2.7.8\jackson-core-2.7.8.jar;C:\Users\91958\.m2\repository\com\fasterxml\jackson\module\jackson-module-jaxb-annotations\2.7.8\jackson-module-jaxb-annotations-2.7.8.jar;C:\Users\91958\.m2\repository\com\fasterxml\jackson\jaxrs\jackson-jaxrs-json-provider\2.7.8\jackson-jaxrs-json-provider-2.7.8.jar;C:\Users\91958\.m2\repository\com\fasterxml\jackson\jaxrs\jackson-jaxrs-base\2.7.8\jackson-jaxrs-base-2.7.8.jar;C:\Users\91958\.m2\repository\org\apache\hadoop\hadoop-hdfs-client\3.1.1\hadoop-hdfs-client-3.1.1.jar;C:\Users\91958\.m2\repository\com\squareup\okhttp\okhttp\2.7.5\okhttp-2.7.5.jar;C:\Users\91958\.m2\repository\com\squareup\okio\okio\1.6.0\okio-1.6.0.jar;C:\Users\91958\.m2\repository\com\fasterxml\jackson\core\jackson-annotations\2.7.8\jackson-annotations-2.7.8.jar;C:\Users\91958\.m2\repository\com\fasterxml\jackson\core\jackson-databind\2.7.8\jackson-databind-2.7.8.jar;C:\Users\91958\.m2\repository\com\google\protobuf\protobuf-java\2.5.0\protobuf-java-2.5.0.jar;C:\Users\91958\.m2\repository\org\apache\avro\avro\1.7.7\avro-1.7.7.jar;C:\Users\91958\.m2\repository\org\codehaus\jackson\jackson-core-asl\1.9.13\jackson-core-asl-1.9.13.jar;C:\Users\91958\.m2\repository\org\codehaus\jackson\jackson-mapper-asl\1.9.13\jackson-mapper-asl-1.9.13.jar;C:\Users\91958\.m2\repository\com\thoughtworks\paranamer\paranamer\2.3\paranamer-2.3.jar;C:\Users\91958\.m2\repository\org\xerial\snappy\snappy-java\1.0.5\snappy-java-1.0.5.jar;C:\Users\91958\.m2\repository\org\slf4j\slf4j-api\1.7.25\slf4j-api-1.7.25.jar;C:\Users\91958\.m2\repository\org\slf4j\slf4j-log4j12\1.7.25\slf4j-log4j12-1.7.25.jar;C:\Users\91958\.m2\repository\org\apache\hadoop\hadoop-annotations\3.1.1\hadoop-annotations-3.1.1.jar;C:\Users\91958\.m2\repository\com\google\inject\extensions\guice-servlet\4.0\guice-servlet-4.0.jar;C:\Users\91958\.m2\repository\io\netty\netty\3.10.5.Final\netty-3.10.5.Final.jar;C:\Users\91958\.m2\repository\org\apache\hadoop\hadoop-common\3.1.1\hadoop-common-3.1.1.jar;C:\Users\91958\.m2\repository\com\google\guava\guava\11.0.2\guava-11.0.2.jar;C:\Users\91958\.m2\repository\commons-cli\commons-cli\1.2\commons-cli-1.2.jar;C:\Users\91958\.m2\repository\org\apache\commons\commons-math3\3.1.1\commons-math3-3.1.1.jar;C:\Users\91958\.m2\repository\org\apache\httpcomponents\httpclient\4.5.2\httpclient-4.5.2.jar;C:\Users\91958\.m2\repository\org\apache\httpcomponents\httpcore\4.4.4\httpcore-4.4.4.jar;C:\Users\91958\.m2\repository\commons-codec\commons-codec\1.11\commons-codec-1.11.jar;C:\Users\91958\.m2\repository\commons-io\commons-io\2.5\commons-io-2.5.jar;C:\Users\91958\.m2\repository\commons-net\commons-net\3.6\commons-net-3.6.jar;C:\Users\91958\.m2\repository\commons-collections\commons-collections\3.2.2\commons-collections-3.2.2.jar;C:\Users\91958\.m2\repository\javax\servlet\javax.servlet-api\3.1.0\javax.servlet-api-3.1.0.jar;C:\Users\91958\.m2\repository\org\eclipse\jetty\jetty-server\9.3.19.v20170502\jetty-server-9.3.19.v20170502.jar;C:\Users\91958\.m2\repository\org\eclipse\jetty\jetty-http\9.3.19.v20170502\jetty-http-9.3.19.v20170502.jar;C:\Users\91958\.m2\repository\org\eclipse\jetty\jetty-io\9.3.19.v20170502\jetty-io-9.3.19.v20170502.jar;C:\Users\91958\.m2\repository\org\eclipse\jetty\jetty-util\9.3.19.v20170502\jetty-util-9.3.19.v20170502.jar;C:\Users\91958\.m2\repository\org\eclipse\jetty\jetty-servlet\9.3.19.v20170502\jetty-servlet-9.3.19.v20170502.jar;C:\Users\91958\.m2\repository\org\eclipse\jetty\jetty-security\9.3.19.v20170502\jetty-security-9.3.19.v20170502.jar;C:\Users\91958\.m2\repository\org\eclipse\jetty\jetty-webapp\9.3.19.v20170502\jetty-webapp-9.3.19.v20170502.jar;C:\Users\91958\.m2\repository\org\eclipse\jetty\jetty-xml\9.3.19.v20170502\jetty-xml-9.3.19.v20170502.jar;C:\Users\91958\.m2\repository\javax\servlet\jsp\jsp-api\2.1\jsp-api-2.1.jar;C:\Users\91958\.m2\repository\com\sun\jersey\jersey-core\1.19\jersey-core-1.19.jar;C:\Users\91958\.m2\repository\javax\ws\rs\jsr311-api\1.1.1\jsr311-api-1.1.1.jar;C:\Users\91958\.m2\repository\com\sun\jersey\jersey-servlet\1.19\jersey-servlet-1.19.jar;C:\Users\91958\.m2\repository\com\sun\jersey\jersey-json\1.19\jersey-json-1.19.jar;C:\Users\91958\.m2\repository\org\codehaus\jettison\jettison\1.1\jettison-1.1.jar;C:\Users\91958\.m2\repository\com\sun\xml\bind\jaxb-impl\2.2.3-1\jaxb-impl-2.2.3-1.jar;C:\Users\91958\.m2\repository\org\codehaus\jackson\jackson-jaxrs\1.9.2\jackson-jaxrs-1.9.2.jar;C:\Users\91958\.m2\repository\org\codehaus\jackson\jackson-xc\1.9.2\jackson-xc-1.9.2.jar;C:\Users\91958\.m2\repository\com\sun\jersey\jersey-server\1.19\jersey-server-1.19.jar;C:\Users\91958\.m2\repository\commons-logging\commons-logging\1.1.3\commons-logging-1.1.3.jar;C:\Users\91958\.m2\repository\log4j\log4j\1.2.17\log4j-1.2.17.jar;C:\Users\91958\.m2\repository\commons-lang\commons-lang\2.6\commons-lang-2.6.jar;C:\Users\91958\.m2\repository\commons-beanutils\commons-beanutils\1.9.3\commons-beanutils-1.9.3.jar;C:\Users\91958\.m2\repository\org\apache\commons\commons-configuration2\2.1.1\commons-configuration2-2.1.1.jar;C:\Users\91958\.m2\repository\org\apache\commons\commons-lang3\3.4\commons-lang3-3.4.jar;C:\Users\91958\.m2\repository\com\google\re2j\re2j\1.1\re2j-1.1.jar;C:\Users\91958\.m2\repository\com\google\code\gson\gson\2.2.4\gson-2.2.4.jar;C:\Users\91958\.m2\repository\org\apache\hadoop\hadoop-auth\3.1.1\hadoop-auth-3.1.1.jar;C:\Users\91958\.m2\repository\com\nimbusds\nimbus-jose-jwt\4.41.1\nimbus-jose-jwt-4.41.1.jar;C:\Users\91958\.m2\repository\com\github\stephenc\jcip\jcip-annotations\1.0-1\jcip-annotations-1.0-1.jar;C:\Users\91958\.m2\repository\net\minidev\json-smart\2.3\json-smart-2.3.jar;C:\Users\91958\.m2\repository\net\minidev\accessors-smart\1.2\accessors-smart-1.2.jar;C:\Users\91958\.m2\repository\org\ow2\asm\asm\5.0.4\asm-5.0.4.jar;C:\Users\91958\.m2\repository\org\apache\curator\curator-framework\2.12.0\curator-framework-2.12.0.jar;C:\Users\91958\.m2\repository\com\jcraft\jsch\0.1.54\jsch-0.1.54.jar;C:\Users\91958\.m2\repository\org\apache\curator\curator-client\2.12.0\curator-client-2.12.0.jar;C:\Users\91958\.m2\repository\org\apache\curator\curator-recipes\2.12.0\curator-recipes-2.12.0.jar;C:\Users\91958\.m2\repository\com\google\code\findbugs\jsr305\3.0.0\jsr305-3.0.0.jar;C:\Users\91958\.m2\repository\org\apache\htrace\htrace-core4\4.1.0-incubating\htrace-core4-4.1.0-incubating.jar;C:\Users\91958\.m2\repository\org\apache\zookeeper\zookeeper\3.4.9\zookeeper-3.4.9.jar;C:\Users\91958\.m2\repository\jline\jline\0.9.94\jline-0.9.94.jar;C:\Users\91958\.m2\repository\org\apache\commons\commons-compress\1.4.1\commons-compress-1.4.1.jar;C:\Users\91958\.m2\repository\org\tukaani\xz\1.0\xz-1.0.jar;C:\Users\91958\.m2\repository\org\apache\kerby\kerb-simplekdc\1.0.1\kerb-simplekdc-1.0.1.jar;C:\Users\91958\.m2\repository\org\apache\kerby\kerb-client\1.0.1\kerb-client-1.0.1.jar;C:\Users\91958\.m2\repository\org\apache\kerby\kerby-config\1.0.1\kerby-config-1.0.1.jar;C:\Users\91958\.m2\repository\org\apache\kerby\kerb-core\1.0.1\kerb-core-1.0.1.jar;C:\Users\91958\.m2\repository\org\apache\kerby\kerby-pkix\1.0.1\kerby-pkix-1.0.1.jar;C:\Users\91958\.m2\repository\org\apache\kerby\kerby-asn1\1.0.1\kerby-asn1-1.0.1.jar;C:\Users\91958\.m2\repository\org\apache\kerby\kerby-util\1.0.1\kerby-util-1.0.1.jar;C:\Users\91958\.m2\repository\org\apache\kerby\kerb-common\1.0.1\kerb-common-1.0.1.jar;C:\Users\91958\.m2\repository\org\apache\kerby\kerb-crypto\1.0.1\kerb-crypto-1.0.1.jar;C:\Users\91958\.m2\repository\org\apache\kerby\kerb-util\1.0.1\kerb-util-1.0.1.jar;C:\Users\91958\.m2\repository\org\apache\kerby\token-provider\1.0.1\token-provider-1.0.1.jar;C:\Users\91958\.m2\repository\org\apache\kerby\kerb-admin\1.0.1\kerb-admin-1.0.1.jar;C:\Users\91958\.m2\repository\org\apache\kerby\kerb-server\1.0.1\kerb-server-1.0.1.jar;C:\Users\91958\.m2\repository\org\apache\kerby\kerb-identity\1.0.1\kerb-identity-1.0.1.jar;C:\Users\91958\.m2\repository\org\apache\kerby\kerby-xdr\1.0.1\kerby-xdr-1.0.1.jar;C:\Users\91958\.m2\repository\org\codehaus\woodstox\stax2-api\3.1.4\stax2-api-3.1.4.jar;C:\Users\91958\.m2\repository\com\fasterxml\woodstox\woodstox-core\5.0.3\woodstox-core-5.0.3.jar;C:\Users\91958\.m2\repository\org\apache\hadoop\hadoop-hdfs\3.1.1\hadoop-hdfs-3.1.1.jar;C:\Users\91958\.m2\repository\org\eclipse\jetty\jetty-util-ajax\9.3.19.v20170502\jetty-util-ajax-9.3.19.v20170502.jar;C:\Users\91958\.m2\repository\commons-daemon\commons-daemon\1.0.13\commons-daemon-1.0.13.jar;C:\Users\91958\.m2\repository\io\netty\netty-all\4.0.52.Final\netty-all-4.0.52.Final.jar;C:\Users\91958\.m2\repository\org\fusesource\leveldbjni\leveldbjni-all\1.8\leveldbjni-all-1.8.jar;C:\Users\91958\.m2\repository\org\apache\hadoop\hadoop-mapreduce-client-shuffle\3.1.1\hadoop-mapreduce-client-shuffle-3.1.1.jar;C:\Users\91958\.m2\repository\org\apache\hadoop\hadoop-yarn-server-common\3.1.1\hadoop-yarn-server-common-3.1.1.jar;C:\Users\91958\.m2\repository\org\apache\hadoop\hadoop-yarn-registry\3.1.1\hadoop-yarn-registry-3.1.1.jar;C:\Users\91958\.m2\repository\dnsjava\dnsjava\2.1.7\dnsjava-2.1.7.jar;C:\Users\91958\.m2\repository\org\apache\geronimo\specs\geronimo-jcache_1.0_spec\1.0-alpha-1\geronimo-jcache_1.0_spec-1.0-alpha-1.jar;C:\Users\91958\.m2\repository\org\ehcache\ehcache\3.3.1\ehcache-3.3.1.jar;C:\Users\91958\.m2\repository\com\zaxxer\HikariCP-java7\2.4.12\HikariCP-java7-2.4.12.jar;C:\Users\91958\.m2\repository\org\apache\hadoop\hadoop-yarn-server-nodemanager\3.1.1\hadoop-yarn-server-nodemanager-3.1.1.jar;C:\Users\91958\.m2\repository\io\dropwizard\metrics\metrics-core\3.2.4\metrics-core-3.2.4.jar;C:\Users\91958\.m2\repository\org\apache\hadoop\hadoop-mapreduce-client-common\3.1.1\hadoop-mapreduce-client-common-3.1.1.jar;C:\Users\91958\.m2\repository\com\googlecode\json-simple\json-simple\1.1.1\json-simple-1.1.1.jar;C:\Users\91958\.m2\repository\org\jfree\jfreechart\1.5.3\jfreechart-1.5.3.jar;C:\Users\91958\.m2\repository\org\openjfx\javafx-swing\18-ea+7\javafx-swing-18-ea+7.jar;C:\Users\91958\.m2\repository\org\openjfx\javafx-swing\18-ea+7\javafx-swing-18-ea+7-win.jar;C:\Users\91958\.m2\repository\org\openjfx\javafx-graphics\18-ea+7\javafx-graphics-18-ea+7.jar;C:\Users\91958\.m2\repository\org\openjfx\javafx-graphics\18-ea+7\javafx-graphics-18-ea+7-win.jar;C:\Users\91958\.m2\repository\org\openjfx\javafx-base\18-ea+7\javafx-base-18-ea+7.jar;C:\Users\91958\.m2\repository\org\openjfx\javafx-base\18-ea+7\javafx-base-18-ea+7-win.jar;"/>
    <property name="sun.cpu.endian" value="little"/>
    <property name="user.home" value="C:\Users\91958"/>
    <property name="user.language" value="en"/>
    <property name="java.specification.vendor" value="Oracle Corporation"/>
    <property name="java.home" value="C:\Program Files\Java\jdk1.8.0_281\jre"/>
    <property name="basedir" value="C:\Users\91958\workspace\cem"/>
    <property name="file.separator" value="\"/>
    <property name="line.separator" value="&#10;"/>
    <property name="java.vm.specification.vendor" value="Oracle Corporation"/>
    <property name="java.specification.name" value="Java Platform API Specification"/>
    <property name="java.awt.graphicsenv" value="sun.awt.Win32GraphicsEnvironment"/>
    <property name="sun.boot.class.path" value="C:\Program Files\Java\jdk1.8.0_281\jre\lib\resources.jar;C:\Program Files\Java\jdk1.8.0_281\jre\lib\rt.jar;C:\Program Files\Java\jdk1.8.0_281\jre\lib\sunrsasign.jar;C:\Program Files\Java\jdk1.8.0_281\jre\lib\jsse.jar;C:\Program Files\Java\jdk1.8.0_281\jre\lib\jce.jar;C:\Program Files\Java\jdk1.8.0_281\jre\lib\charsets.jar;C:\Program Files\Java\jdk1.8.0_281\jre\lib\jfr.jar;C:\Program Files\Java\jdk1.8.0_281\jre\classes"/>
    <property name="user.script" value=""/>
    <property name="sun.management.compiler" value="HotSpot 64-Bit Tiered Compilers"/>
    <property name="java.runtime.version" value="1.8.0_281-b09"/>
    <property name="user.name" value="91958"/>
    <property name="path.separator" value=";"/>
    <property name="os.version" value="10.0"/>
    <property name="java.endorsed.dirs" value="C:\Program Files\Java\jdk1.8.0_281\jre\lib\endorsed"/>
    <property name="java.runtime.name" value="Java(TM) SE Runtime Environment"/>
    <property name="file.encoding" value="Cp1252"/>
    <property name="java.vm.name" value="Java HotSpot(TM) 64-Bit Server VM"/>
    <property name="localRepository" value="C:\Users\91958\.m2\repository"/>
    <property name="java.vendor.url.bug" value="http://bugreport.sun.com/bugreport/"/>
    <property name="java.io.tmpdir" value="C:\Users\91958\AppData\Local\Temp\"/>
    <property name="java.version" value="1.8.0_281"/>
    <property name="user.dir" value="C:\Users\91958\workspace\cem"/>
    <property name="os.arch" value="amd64"/>
    <property name="java.vm.specification.name" value="Java Virtual Machine Specification"/>
    <property name="java.awt.printerjob" value="sun.awt.windows.WPrinterJob"/>
    <property name="sun.os.patch.level" value=""/>
    <property name="java.library.path" value="C:\Program Files\Java\jdk1.8.0_281\jre\bin;C:\Windows\Sun\Java\bin;C:\Windows\system32;C:\Windows;C:\Program Files (x86)\Common Files\Oracle\Java\javapath;C:\Windows\system32;C:\Windows;C:\Windows\System32\Wbem;C:\Windows\System32\WindowsPowerShell\v1.0\;C:\Windows\System32\OpenSSH\;C:\Program Files\Java\jdk1.8.0_281\bin;C:\Program Files\Java\jre1.8.0_281\bin;C:\Users\91958\Downloads\apache-maven-3.8.1-bin\apache-maven-3.8.1\bin;C:\Users\91958\Downloads\spark-3.1.1-bin-hadoop2.7\spark-3.1.1-bin-hadoop2.7\bin;C:\Program Files\PuTTY\;C:\Program Files\Git\cmd;C:\Program Files\Docker\Docker\resources\bin;C:\ProgramData\DockerDesktop\version-bin;C:\Users\91958\Documents\hadoop-3.1.1\hadoop-3.1.1\bin;C:\Users\91958\Documents\hadoop-3.1.1\hadoop-3.1.1\sbin;C:\Program Files\MySQL\MySQL Shell 8.0\bin\;C:\Users\91958\AppData\Local\Programs\Python\Python39\Scripts\;C:\Users\91958\AppData\Local\Programs\Python\Python39\;C:\Users\91958\AppData\Local\Microsoft\WindowsApps;C:\Users\91958\anaconda3\Scripts\;C:\Users\91958\anaconda3\;C:\Users\91958\AppData\Local\GitHubDesktop\bin;."/>
    <property name="java.vm.info" value="mixed mode"/>
    <property name="java.vendor" value="Oracle Corporation"/>
    <property name="java.vm.version" value="25.281-b09"/>
    <property name="java.ext.dirs" value="C:\Program Files\Java\jdk1.8.0_281\jre\lib\ext;C:\Windows\Sun\Java\lib\ext"/>
    <property name="sun.io.unicode.encoding" value="UnicodeLittle"/>
    <property name="java.class.version" value="52.0"/>
  </properties>
  <testcase name="testApp" classname="nci.dia.finalproject.cpirm.AppTest" time="0"/>
</testsuite>